<?xml version="1.0" encoding="UTF-8"?>
<!-- Generated by org.testng.reporters.JUnitReportReporter -->
<testsuite skipped="1" hostname="Naveen" name="com.inetBanking.testCases.Tc_loginDDT_002" tests="1" failures="0" timestamp="21 Jan 2024 07:35:58 GMT" time="0.000" errors="0">
  <testcase name="loginDDT" time="0.000" classname="com.inetBanking.testCases.Tc_loginDDT_002">
    <skipped/>
  </testcase> <!-- loginDDT -->
</testsuite> <!-- com.inetBanking.testCases.Tc_loginDDT_002 -->
